<?xml version="1.0" encoding="UTF-8"?>
<!-- Generated by org.testng.reporters.JUnitReportReporter -->
<testsuite hostname="LAPTOP-JHP6OGIG" failures="0" tests="1" name="august08_2025.ConnectingToChrome" time="0.010" errors="0" timestamp="2025-08-08T17:44:58 IST" skipped="0">
  <testcase classname="august08_2025.ConnectingToChrome" name="testMethod" time="0.010"/>
</testsuite> <!-- august08_2025.ConnectingToChrome -->
